<?xml version="1.0" encoding="UTF-8"?>
<testsuite xmlns:xsi="http://www.w3.org/2001/XMLSchema-instance" xsi:noNamespaceSchemaLocation="https://maven.apache.org/surefire/maven-surefire-plugin/xsd/surefire-test-report.xsd" name="TestSuite" time="46.346" tests="5" errors="0" skipped="1" failures="2">
  <properties>
    <property name="gopherProxySet" value="false"/>
    <property name="awt.toolkit" value="sun.lwawt.macosx.LWCToolkit"/>
    <property name="file.encoding.pkg" value="sun.io"/>
    <property name="java.specification.version" value="1.8"/>
    <property name="sun.cpu.isalist" value=""/>
    <property name="sun.jnu.encoding" value="UTF-8"/>
    <property name="java.class.path" value="/Users/amiteshshukla/Documents/Work/mac-eclipse-space/seleniumMaven/target/test-classes:/Users/amiteshshukla/Documents/Work/mac-eclipse-space/seleniumMaven/target/classes:/Users/amiteshshukla/.m2/repository/javax/mail/mail/1.4.7/mail-1.4.7.jar:/Users/amiteshshukla/.m2/repository/javax/activation/activation/1.1/activation-1.1.jar:/Users/amiteshshukla/.m2/repository/org/seleniumhq/selenium/selenium-java/3.12.0/selenium-java-3.12.0.jar:/Users/amiteshshukla/.m2/repository/org/seleniumhq/selenium/selenium-api/3.12.0/selenium-api-3.12.0.jar:/Users/amiteshshukla/.m2/repository/org/seleniumhq/selenium/selenium-chrome-driver/3.12.0/selenium-chrome-driver-3.12.0.jar:/Users/amiteshshukla/.m2/repository/org/seleniumhq/selenium/selenium-edge-driver/3.12.0/selenium-edge-driver-3.12.0.jar:/Users/amiteshshukla/.m2/repository/org/seleniumhq/selenium/selenium-firefox-driver/3.12.0/selenium-firefox-driver-3.12.0.jar:/Users/amiteshshukla/.m2/repository/org/seleniumhq/selenium/selenium-ie-driver/3.12.0/selenium-ie-driver-3.12.0.jar:/Users/amiteshshukla/.m2/repository/org/seleniumhq/selenium/selenium-opera-driver/3.12.0/selenium-opera-driver-3.12.0.jar:/Users/amiteshshukla/.m2/repository/org/seleniumhq/selenium/selenium-remote-driver/3.12.0/selenium-remote-driver-3.12.0.jar:/Users/amiteshshukla/.m2/repository/org/seleniumhq/selenium/selenium-safari-driver/3.12.0/selenium-safari-driver-3.12.0.jar:/Users/amiteshshukla/.m2/repository/org/seleniumhq/selenium/selenium-support/3.12.0/selenium-support-3.12.0.jar:/Users/amiteshshukla/.m2/repository/net/bytebuddy/byte-buddy/1.8.3/byte-buddy-1.8.3.jar:/Users/amiteshshukla/.m2/repository/org/apache/commons/commons-exec/1.3/commons-exec-1.3.jar:/Users/amiteshshukla/.m2/repository/commons-codec/commons-codec/1.10/commons-codec-1.10.jar:/Users/amiteshshukla/.m2/repository/commons-logging/commons-logging/1.2/commons-logging-1.2.jar:/Users/amiteshshukla/.m2/repository/com/google/code/gson/gson/2.8.2/gson-2.8.2.jar:/Users/amiteshshukla/.m2/repository/com/google/guava/guava/23.6-jre/guava-23.6-jre.jar:/Users/amiteshshukla/.m2/repository/com/google/code/findbugs/jsr305/1.3.9/jsr305-1.3.9.jar:/Users/amiteshshukla/.m2/repository/org/checkerframework/checker-compat-qual/2.0.0/checker-compat-qual-2.0.0.jar:/Users/amiteshshukla/.m2/repository/com/google/errorprone/error_prone_annotations/2.1.3/error_prone_annotations-2.1.3.jar:/Users/amiteshshukla/.m2/repository/com/google/j2objc/j2objc-annotations/1.1/j2objc-annotations-1.1.jar:/Users/amiteshshukla/.m2/repository/org/codehaus/mojo/animal-sniffer-annotations/1.14/animal-sniffer-annotations-1.14.jar:/Users/amiteshshukla/.m2/repository/org/apache/httpcomponents/httpclient/4.5.3/httpclient-4.5.3.jar:/Users/amiteshshukla/.m2/repository/org/apache/httpcomponents/httpcore/4.4.6/httpcore-4.4.6.jar:/Users/amiteshshukla/.m2/repository/com/squareup/okhttp3/okhttp/3.9.1/okhttp-3.9.1.jar:/Users/amiteshshukla/.m2/repository/com/squareup/okio/okio/1.13.0/okio-1.13.0.jar:/Users/amiteshshukla/.m2/repository/io/rest-assured/rest-assured/3.0.7/rest-assured-3.0.7.jar:/Users/amiteshshukla/.m2/repository/org/codehaus/groovy/groovy/2.4.12/groovy-2.4.12.jar:/Users/amiteshshukla/.m2/repository/org/codehaus/groovy/groovy-xml/2.4.12/groovy-xml-2.4.12.jar:/Users/amiteshshukla/.m2/repository/org/apache/httpcomponents/httpmime/4.5.1/httpmime-4.5.1.jar:/Users/amiteshshukla/.m2/repository/org/hamcrest/hamcrest-core/1.3/hamcrest-core-1.3.jar:/Users/amiteshshukla/.m2/repository/org/hamcrest/hamcrest-library/1.3/hamcrest-library-1.3.jar:/Users/amiteshshukla/.m2/repository/org/ccil/cowan/tagsoup/tagsoup/1.2.1/tagsoup-1.2.1.jar:/Users/amiteshshukla/.m2/repository/io/rest-assured/json-path/3.0.7/json-path-3.0.7.jar:/Users/amiteshshukla/.m2/repository/org/codehaus/groovy/groovy-json/2.4.12/groovy-json-2.4.12.jar:/Users/amiteshshukla/.m2/repository/io/rest-assured/rest-assured-common/3.0.7/rest-assured-common-3.0.7.jar:/Users/amiteshshukla/.m2/repository/io/rest-assured/xml-path/3.0.7/xml-path-3.0.7.jar:/Users/amiteshshukla/.m2/repository/org/apache/commons/commons-lang3/3.4/commons-lang3-3.4.jar:/Users/amiteshshukla/.m2/repository/javax/xml/bind/jaxb-api/2.2.12/jaxb-api-2.2.12.jar:/Users/amiteshshukla/.m2/repository/io/rest-assured/json-schema-validator/3.0.7/json-schema-validator-3.0.7.jar:/Users/amiteshshukla/.m2/repository/com/github/fge/json-schema-validator/2.2.6/json-schema-validator-2.2.6.jar:/Users/amiteshshukla/.m2/repository/joda-time/joda-time/2.3/joda-time-2.3.jar:/Users/amiteshshukla/.m2/repository/com/googlecode/libphonenumber/libphonenumber/6.2/libphonenumber-6.2.jar:/Users/amiteshshukla/.m2/repository/com/github/fge/json-schema-core/1.2.5/json-schema-core-1.2.5.jar:/Users/amiteshshukla/.m2/repository/com/github/fge/uri-template/0.9/uri-template-0.9.jar:/Users/amiteshshukla/.m2/repository/com/github/fge/msg-simple/1.1/msg-simple-1.1.jar:/Users/amiteshshukla/.m2/repository/com/github/fge/btf/1.2/btf-1.2.jar:/Users/amiteshshukla/.m2/repository/com/github/fge/jackson-coreutils/1.8/jackson-coreutils-1.8.jar:/Users/amiteshshukla/.m2/repository/com/fasterxml/jackson/core/jackson-databind/2.2.3/jackson-databind-2.2.3.jar:/Users/amiteshshukla/.m2/repository/com/fasterxml/jackson/core/jackson-annotations/2.2.3/jackson-annotations-2.2.3.jar:/Users/amiteshshukla/.m2/repository/com/fasterxml/jackson/core/jackson-core/2.2.3/jackson-core-2.2.3.jar:/Users/amiteshshukla/.m2/repository/org/mozilla/rhino/1.7R4/rhino-1.7R4.jar:/Users/amiteshshukla/.m2/repository/javax/mail/mailapi/1.4.3/mailapi-1.4.3.jar:/Users/amiteshshukla/.m2/repository/net/sf/jopt-simple/jopt-simple/4.6/jopt-simple-4.6.jar:/Users/amiteshshukla/.m2/repository/org/testng/testng/6.14.2/testng-6.14.2.jar:/Users/amiteshshukla/.m2/repository/com/beust/jcommander/1.72/jcommander-1.72.jar:/Users/amiteshshukla/.m2/repository/org/apache-extras/beanshell/bsh/2.0b6/bsh-2.0b6.jar:/Users/amiteshshukla/.m2/repository/log4j/log4j/1.2.17/log4j-1.2.17.jar:/Users/amiteshshukla/.m2/repository/org/apache/logging/log4j/log4j-api/2.10.0/log4j-api-2.10.0.jar:/Users/amiteshshukla/.m2/repository/org/apache/logging/log4j/log4j-core/2.10.0/log4j-core-2.10.0.jar:/Users/amiteshshukla/.m2/repository/com/aventstack/extentreports/3.1.3/extentreports-3.1.3.jar:/Users/amiteshshukla/.m2/repository/org/freemarker/freemarker/2.3.23/freemarker-2.3.23.jar:/Users/amiteshshukla/.m2/repository/org/mongodb/mongodb-driver/3.3.0/mongodb-driver-3.3.0.jar:/Users/amiteshshukla/.m2/repository/org/mongodb/bson/3.3.0/bson-3.3.0.jar:/Users/amiteshshukla/.m2/repository/org/mongodb/mongodb-driver-core/3.3.0/mongodb-driver-core-3.3.0.jar:/Users/amiteshshukla/.m2/repository/org/jsoup/jsoup/1.9.2/jsoup-1.9.2.jar:/Users/amiteshshukla/.m2/repository/com/relevantcodes/extentreports/2.41.2/extentreports-2.41.2.jar:/Users/amiteshshukla/.m2/repository/org/xerial/sqlite-jdbc/3.8.11.1/sqlite-jdbc-3.8.11.1.jar:/Users/amiteshshukla/.m2/repository/org/apache/poi/poi/3.17/poi-3.17.jar:/Users/amiteshshukla/.m2/repository/org/apache/commons/commons-collections4/4.1/commons-collections4-4.1.jar:/Users/amiteshshukla/.m2/repository/org/apache/poi/poi-ooxml/3.17/poi-ooxml-3.17.jar:/Users/amiteshshukla/.m2/repository/org/apache/poi/poi-ooxml-schemas/3.17/poi-ooxml-schemas-3.17.jar:/Users/amiteshshukla/.m2/repository/org/apache/xmlbeans/xmlbeans/2.6.0/xmlbeans-2.6.0.jar:/Users/amiteshshukla/.m2/repository/stax/stax-api/1.0.1/stax-api-1.0.1.jar:/Users/amiteshshukla/.m2/repository/com/github/virtuald/curvesapi/1.04/curvesapi-1.04.jar:/Users/amiteshshukla/.m2/repository/commons-io/commons-io/2.6/commons-io-2.6.jar:/Users/amiteshshukla/.m2/repository/org/apache/maven/surefire/surefire-testng-utils/2.22.0/surefire-testng-utils-2.22.0.jar:/Users/amiteshshukla/.m2/repository/org/apache/maven/surefire/surefire-grouper/2.22.0/surefire-grouper-2.22.0.jar:"/>
    <property name="java.vm.vendor" value="Oracle Corporation"/>
    <property name="sun.arch.data.model" value="64"/>
    <property name="java.vendor.url" value="http://java.oracle.com/"/>
    <property name="user.timezone" value=""/>
    <property name="java.vm.specification.version" value="1.8"/>
    <property name="os.name" value="Mac OS X"/>
    <property name="user.country" value="IN"/>
    <property name="sun.java.launcher" value="SUN_STANDARD"/>
    <property name="sun.boot.library.path" value="/Library/Java/JavaVirtualMachines/jdk1.8.0_172.jdk/Contents/Home/jre/lib"/>
    <property name="sun.java.command" value="/Users/amiteshshukla/Documents/Work/mac-eclipse-space/seleniumMaven/target/surefire/surefirebooter1673642470822727524.jar /Users/amiteshshukla/Documents/Work/mac-eclipse-space/seleniumMaven/target/surefire 2018-06-29T21-27-18_644-jvmRun1 surefire4420424978074206265tmp surefire_08807693364305765955tmp"/>
    <property name="http.nonProxyHosts" value="local|*.local|169.254/16|*.169.254/16"/>
    <property name="surefire.test.class.path" value="/Users/amiteshshukla/Documents/Work/mac-eclipse-space/seleniumMaven/target/test-classes:/Users/amiteshshukla/Documents/Work/mac-eclipse-space/seleniumMaven/target/classes:/Users/amiteshshukla/.m2/repository/javax/mail/mail/1.4.7/mail-1.4.7.jar:/Users/amiteshshukla/.m2/repository/javax/activation/activation/1.1/activation-1.1.jar:/Users/amiteshshukla/.m2/repository/org/seleniumhq/selenium/selenium-java/3.12.0/selenium-java-3.12.0.jar:/Users/amiteshshukla/.m2/repository/org/seleniumhq/selenium/selenium-api/3.12.0/selenium-api-3.12.0.jar:/Users/amiteshshukla/.m2/repository/org/seleniumhq/selenium/selenium-chrome-driver/3.12.0/selenium-chrome-driver-3.12.0.jar:/Users/amiteshshukla/.m2/repository/org/seleniumhq/selenium/selenium-edge-driver/3.12.0/selenium-edge-driver-3.12.0.jar:/Users/amiteshshukla/.m2/repository/org/seleniumhq/selenium/selenium-firefox-driver/3.12.0/selenium-firefox-driver-3.12.0.jar:/Users/amiteshshukla/.m2/repository/org/seleniumhq/selenium/selenium-ie-driver/3.12.0/selenium-ie-driver-3.12.0.jar:/Users/amiteshshukla/.m2/repository/org/seleniumhq/selenium/selenium-opera-driver/3.12.0/selenium-opera-driver-3.12.0.jar:/Users/amiteshshukla/.m2/repository/org/seleniumhq/selenium/selenium-remote-driver/3.12.0/selenium-remote-driver-3.12.0.jar:/Users/amiteshshukla/.m2/repository/org/seleniumhq/selenium/selenium-safari-driver/3.12.0/selenium-safari-driver-3.12.0.jar:/Users/amiteshshukla/.m2/repository/org/seleniumhq/selenium/selenium-support/3.12.0/selenium-support-3.12.0.jar:/Users/amiteshshukla/.m2/repository/net/bytebuddy/byte-buddy/1.8.3/byte-buddy-1.8.3.jar:/Users/amiteshshukla/.m2/repository/org/apache/commons/commons-exec/1.3/commons-exec-1.3.jar:/Users/amiteshshukla/.m2/repository/commons-codec/commons-codec/1.10/commons-codec-1.10.jar:/Users/amiteshshukla/.m2/repository/commons-logging/commons-logging/1.2/commons-logging-1.2.jar:/Users/amiteshshukla/.m2/repository/com/google/code/gson/gson/2.8.2/gson-2.8.2.jar:/Users/amiteshshukla/.m2/repository/com/google/guava/guava/23.6-jre/guava-23.6-jre.jar:/Users/amiteshshukla/.m2/repository/com/google/code/findbugs/jsr305/1.3.9/jsr305-1.3.9.jar:/Users/amiteshshukla/.m2/repository/org/checkerframework/checker-compat-qual/2.0.0/checker-compat-qual-2.0.0.jar:/Users/amiteshshukla/.m2/repository/com/google/errorprone/error_prone_annotations/2.1.3/error_prone_annotations-2.1.3.jar:/Users/amiteshshukla/.m2/repository/com/google/j2objc/j2objc-annotations/1.1/j2objc-annotations-1.1.jar:/Users/amiteshshukla/.m2/repository/org/codehaus/mojo/animal-sniffer-annotations/1.14/animal-sniffer-annotations-1.14.jar:/Users/amiteshshukla/.m2/repository/org/apache/httpcomponents/httpclient/4.5.3/httpclient-4.5.3.jar:/Users/amiteshshukla/.m2/repository/org/apache/httpcomponents/httpcore/4.4.6/httpcore-4.4.6.jar:/Users/amiteshshukla/.m2/repository/com/squareup/okhttp3/okhttp/3.9.1/okhttp-3.9.1.jar:/Users/amiteshshukla/.m2/repository/com/squareup/okio/okio/1.13.0/okio-1.13.0.jar:/Users/amiteshshukla/.m2/repository/io/rest-assured/rest-assured/3.0.7/rest-assured-3.0.7.jar:/Users/amiteshshukla/.m2/repository/org/codehaus/groovy/groovy/2.4.12/groovy-2.4.12.jar:/Users/amiteshshukla/.m2/repository/org/codehaus/groovy/groovy-xml/2.4.12/groovy-xml-2.4.12.jar:/Users/amiteshshukla/.m2/repository/org/apache/httpcomponents/httpmime/4.5.1/httpmime-4.5.1.jar:/Users/amiteshshukla/.m2/repository/org/hamcrest/hamcrest-core/1.3/hamcrest-core-1.3.jar:/Users/amiteshshukla/.m2/repository/org/hamcrest/hamcrest-library/1.3/hamcrest-library-1.3.jar:/Users/amiteshshukla/.m2/repository/org/ccil/cowan/tagsoup/tagsoup/1.2.1/tagsoup-1.2.1.jar:/Users/amiteshshukla/.m2/repository/io/rest-assured/json-path/3.0.7/json-path-3.0.7.jar:/Users/amiteshshukla/.m2/repository/org/codehaus/groovy/groovy-json/2.4.12/groovy-json-2.4.12.jar:/Users/amiteshshukla/.m2/repository/io/rest-assured/rest-assured-common/3.0.7/rest-assured-common-3.0.7.jar:/Users/amiteshshukla/.m2/repository/io/rest-assured/xml-path/3.0.7/xml-path-3.0.7.jar:/Users/amiteshshukla/.m2/repository/org/apache/commons/commons-lang3/3.4/commons-lang3-3.4.jar:/Users/amiteshshukla/.m2/repository/javax/xml/bind/jaxb-api/2.2.12/jaxb-api-2.2.12.jar:/Users/amiteshshukla/.m2/repository/io/rest-assured/json-schema-validator/3.0.7/json-schema-validator-3.0.7.jar:/Users/amiteshshukla/.m2/repository/com/github/fge/json-schema-validator/2.2.6/json-schema-validator-2.2.6.jar:/Users/amiteshshukla/.m2/repository/joda-time/joda-time/2.3/joda-time-2.3.jar:/Users/amiteshshukla/.m2/repository/com/googlecode/libphonenumber/libphonenumber/6.2/libphonenumber-6.2.jar:/Users/amiteshshukla/.m2/repository/com/github/fge/json-schema-core/1.2.5/json-schema-core-1.2.5.jar:/Users/amiteshshukla/.m2/repository/com/github/fge/uri-template/0.9/uri-template-0.9.jar:/Users/amiteshshukla/.m2/repository/com/github/fge/msg-simple/1.1/msg-simple-1.1.jar:/Users/amiteshshukla/.m2/repository/com/github/fge/btf/1.2/btf-1.2.jar:/Users/amiteshshukla/.m2/repository/com/github/fge/jackson-coreutils/1.8/jackson-coreutils-1.8.jar:/Users/amiteshshukla/.m2/repository/com/fasterxml/jackson/core/jackson-databind/2.2.3/jackson-databind-2.2.3.jar:/Users/amiteshshukla/.m2/repository/com/fasterxml/jackson/core/jackson-annotations/2.2.3/jackson-annotations-2.2.3.jar:/Users/amiteshshukla/.m2/repository/com/fasterxml/jackson/core/jackson-core/2.2.3/jackson-core-2.2.3.jar:/Users/amiteshshukla/.m2/repository/org/mozilla/rhino/1.7R4/rhino-1.7R4.jar:/Users/amiteshshukla/.m2/repository/javax/mail/mailapi/1.4.3/mailapi-1.4.3.jar:/Users/amiteshshukla/.m2/repository/net/sf/jopt-simple/jopt-simple/4.6/jopt-simple-4.6.jar:/Users/amiteshshukla/.m2/repository/org/testng/testng/6.14.2/testng-6.14.2.jar:/Users/amiteshshukla/.m2/repository/com/beust/jcommander/1.72/jcommander-1.72.jar:/Users/amiteshshukla/.m2/repository/org/apache-extras/beanshell/bsh/2.0b6/bsh-2.0b6.jar:/Users/amiteshshukla/.m2/repository/log4j/log4j/1.2.17/log4j-1.2.17.jar:/Users/amiteshshukla/.m2/repository/org/apache/logging/log4j/log4j-api/2.10.0/log4j-api-2.10.0.jar:/Users/amiteshshukla/.m2/repository/org/apache/logging/log4j/log4j-core/2.10.0/log4j-core-2.10.0.jar:/Users/amiteshshukla/.m2/repository/com/aventstack/extentreports/3.1.3/extentreports-3.1.3.jar:/Users/amiteshshukla/.m2/repository/org/freemarker/freemarker/2.3.23/freemarker-2.3.23.jar:/Users/amiteshshukla/.m2/repository/org/mongodb/mongodb-driver/3.3.0/mongodb-driver-3.3.0.jar:/Users/amiteshshukla/.m2/repository/org/mongodb/bson/3.3.0/bson-3.3.0.jar:/Users/amiteshshukla/.m2/repository/org/mongodb/mongodb-driver-core/3.3.0/mongodb-driver-core-3.3.0.jar:/Users/amiteshshukla/.m2/repository/org/jsoup/jsoup/1.9.2/jsoup-1.9.2.jar:/Users/amiteshshukla/.m2/repository/com/relevantcodes/extentreports/2.41.2/extentreports-2.41.2.jar:/Users/amiteshshukla/.m2/repository/org/xerial/sqlite-jdbc/3.8.11.1/sqlite-jdbc-3.8.11.1.jar:/Users/amiteshshukla/.m2/repository/org/apache/poi/poi/3.17/poi-3.17.jar:/Users/amiteshshukla/.m2/repository/org/apache/commons/commons-collections4/4.1/commons-collections4-4.1.jar:/Users/amiteshshukla/.m2/repository/org/apache/poi/poi-ooxml/3.17/poi-ooxml-3.17.jar:/Users/amiteshshukla/.m2/repository/org/apache/poi/poi-ooxml-schemas/3.17/poi-ooxml-schemas-3.17.jar:/Users/amiteshshukla/.m2/repository/org/apache/xmlbeans/xmlbeans/2.6.0/xmlbeans-2.6.0.jar:/Users/amiteshshukla/.m2/repository/stax/stax-api/1.0.1/stax-api-1.0.1.jar:/Users/amiteshshukla/.m2/repository/com/github/virtuald/curvesapi/1.04/curvesapi-1.04.jar:/Users/amiteshshukla/.m2/repository/commons-io/commons-io/2.6/commons-io-2.6.jar:/Users/amiteshshukla/.m2/repository/org/apache/maven/surefire/surefire-testng-utils/2.22.0/surefire-testng-utils-2.22.0.jar:/Users/amiteshshukla/.m2/repository/org/apache/maven/surefire/surefire-grouper/2.22.0/surefire-grouper-2.22.0.jar:"/>
    <property name="sun.cpu.endian" value="little"/>
    <property name="user.home" value="/Users/amiteshshukla"/>
    <property name="user.language" value="en"/>
    <property name="java.specification.vendor" value="Oracle Corporation"/>
    <property name="java.home" value="/Library/Java/JavaVirtualMachines/jdk1.8.0_172.jdk/Contents/Home/jre"/>
    <property name="basedir" value="/Users/amiteshshukla/Documents/Work/mac-eclipse-space/seleniumMaven"/>
    <property name="file.separator" value="/"/>
    <property name="line.separator" value="&#10;"/>
    <property name="java.vm.specification.vendor" value="Oracle Corporation"/>
    <property name="java.specification.name" value="Java Platform API Specification"/>
    <property name="java.awt.graphicsenv" value="sun.awt.CGraphicsEnvironment"/>
    <property name="surefire.real.class.path" value="/Users/amiteshshukla/Documents/Work/mac-eclipse-space/seleniumMaven/target/surefire/surefirebooter1673642470822727524.jar"/>
    <property name="sun.boot.class.path" value="/Library/Java/JavaVirtualMachines/jdk1.8.0_172.jdk/Contents/Home/jre/lib/resources.jar:/Library/Java/JavaVirtualMachines/jdk1.8.0_172.jdk/Contents/Home/jre/lib/rt.jar:/Library/Java/JavaVirtualMachines/jdk1.8.0_172.jdk/Contents/Home/jre/lib/sunrsasign.jar:/Library/Java/JavaVirtualMachines/jdk1.8.0_172.jdk/Contents/Home/jre/lib/jsse.jar:/Library/Java/JavaVirtualMachines/jdk1.8.0_172.jdk/Contents/Home/jre/lib/jce.jar:/Library/Java/JavaVirtualMachines/jdk1.8.0_172.jdk/Contents/Home/jre/lib/charsets.jar:/Library/Java/JavaVirtualMachines/jdk1.8.0_172.jdk/Contents/Home/jre/lib/jfr.jar:/Library/Java/JavaVirtualMachines/jdk1.8.0_172.jdk/Contents/Home/jre/classes"/>
    <property name="sun.management.compiler" value="HotSpot 64-Bit Tiered Compilers"/>
    <property name="ftp.nonProxyHosts" value="local|*.local|169.254/16|*.169.254/16"/>
    <property name="java.runtime.version" value="1.8.0_172-b11"/>
    <property name="user.name" value="amiteshshukla"/>
    <property name="path.separator" value=":"/>
    <property name="os.version" value="10.13.5"/>
    <property name="java.endorsed.dirs" value="/Library/Java/JavaVirtualMachines/jdk1.8.0_172.jdk/Contents/Home/jre/lib/endorsed"/>
    <property name="java.runtime.name" value="Java(TM) SE Runtime Environment"/>
    <property name="file.encoding" value="UTF-8"/>
    <property name="java.vm.name" value="Java HotSpot(TM) 64-Bit Server VM"/>
    <property name="localRepository" value="/Users/amiteshshukla/.m2/repository"/>
    <property name="java.vendor.url.bug" value="http://bugreport.sun.com/bugreport/"/>
    <property name="java.io.tmpdir" value="/var/folders/h1/yz362gp97dvg29c9gt57dl_c0000gn/T/"/>
    <property name="java.version" value="1.8.0_172"/>
    <property name="user.dir" value="/Users/amiteshshukla/Documents/Work/mac-eclipse-space/seleniumMaven"/>
    <property name="os.arch" value="x86_64"/>
    <property name="java.vm.specification.name" value="Java Virtual Machine Specification"/>
    <property name="java.awt.printerjob" value="sun.lwawt.macosx.CPrinterJob"/>
    <property name="sun.os.patch.level" value="unknown"/>
    <property name="java.library.path" value="/Users/amiteshshukla/Library/Java/Extensions:/Library/Java/Extensions:/Network/Library/Java/Extensions:/System/Library/Java/Extensions:/usr/lib/java:."/>
    <property name="java.vm.info" value="mixed mode"/>
    <property name="java.vendor" value="Oracle Corporation"/>
    <property name="java.vm.version" value="25.172-b11"/>
    <property name="java.ext.dirs" value="/Users/amiteshshukla/Library/Java/Extensions:/Library/Java/JavaVirtualMachines/jdk1.8.0_172.jdk/Contents/Home/jre/lib/ext:/Library/Java/Extensions:/Network/Library/Java/Extensions:/System/Library/Java/Extensions:/usr/lib/java"/>
    <property name="sun.io.unicode.encoding" value="UnicodeBig"/>
    <property name="java.class.version" value="52.0"/>
    <property name="socksNonProxyHosts" value="local|*.local|169.254/16|*.169.254/16"/>
  </properties>
  <testcase name="login" classname="com.CiviCrm.Practice.NewMailling" time="2.048">
    <failure message="stale element reference: element is not attached to the page document&#10;  (Session info: chrome=67.0.3396.99)&#10;  (Driver info: chromedriver=2.40.565386 (45a059dc425e08165f9a10324bd1380cc13ca363),platform=Mac OS X 10.13.5 x86_64) (WARNING: The server did not provide any stacktrace information)&#10;Command duration or timeout: 0 milliseconds&#10;For documentation on this error, please visit: http://seleniumhq.org/exceptions/stale_element_reference.html&#10;Build info: version: &apos;3.12.0&apos;, revision: &apos;7c6e0b3&apos;, time: &apos;2018-05-08T14:04:26.12Z&apos;&#10;System info: host: &apos;amiteshs-Air&apos;, ip: &apos;2405:204:5217:f47f:84c9:8204:430b:f1c5%en0&apos;, os.name: &apos;Mac OS X&apos;, os.arch: &apos;x86_64&apos;, os.version: &apos;10.13.5&apos;, java.version: &apos;1.8.0_172&apos;&#10;Driver info: org.openqa.selenium.chrome.ChromeDriver&#10;Capabilities {acceptInsecureCerts: false, acceptSslCerts: false, applicationCacheEnabled: false, browserConnectionEnabled: false, browserName: chrome, chrome: {chromedriverVersion: 2.40.565386 (45a059dc425e08..., userDataDir: /var/folders/h1/yz362gp97dv...}, cssSelectorsEnabled: true, databaseEnabled: false, handlesAlerts: true, hasTouchScreen: false, javascriptEnabled: true, locationContextEnabled: true, mobileEmulationEnabled: false, nativeEvents: true, networkConnectionEnabled: false, pageLoadStrategy: normal, platform: MAC, platformName: MAC, rotatable: false, setWindowRect: true, takesHeapSnapshot: true, takesScreenshot: true, unexpectedAlertBehaviour: , unhandledPromptBehavior: , version: 67.0.3396.99, webStorageEnabled: true}&#10;Session ID: b26c5f7c2fa3f1719b07af68ed846498" type="org.openqa.selenium.StaleElementReferenceException">org.openqa.selenium.StaleElementReferenceException: 
stale element reference: element is not attached to the page document
  (Session info: chrome=67.0.3396.99)
  (Driver info: chromedriver=2.40.565386 (45a059dc425e08165f9a10324bd1380cc13ca363),platform=Mac OS X 10.13.5 x86_64) (WARNING: The server did not provide any stacktrace information)
Command duration or timeout: 0 milliseconds
For documentation on this error, please visit: http://seleniumhq.org/exceptions/stale_element_reference.html
Build info: version: '3.12.0', revision: '7c6e0b3', time: '2018-05-08T14:04:26.12Z'
System info: host: 'amiteshs-Air', ip: '2405:204:5217:f47f:84c9:8204:430b:f1c5%en0', os.name: 'Mac OS X', os.arch: 'x86_64', os.version: '10.13.5', java.version: '1.8.0_172'
Driver info: org.openqa.selenium.chrome.ChromeDriver
Capabilities {acceptInsecureCerts: false, acceptSslCerts: false, applicationCacheEnabled: false, browserConnectionEnabled: false, browserName: chrome, chrome: {chromedriverVersion: 2.40.565386 (45a059dc425e08..., userDataDir: /var/folders/h1/yz362gp97dv...}, cssSelectorsEnabled: true, databaseEnabled: false, handlesAlerts: true, hasTouchScreen: false, javascriptEnabled: true, locationContextEnabled: true, mobileEmulationEnabled: false, nativeEvents: true, networkConnectionEnabled: false, pageLoadStrategy: normal, platform: MAC, platformName: MAC, rotatable: false, setWindowRect: true, takesHeapSnapshot: true, takesScreenshot: true, unexpectedAlertBehaviour: , unhandledPromptBehavior: , version: 67.0.3396.99, webStorageEnabled: true}
Session ID: b26c5f7c2fa3f1719b07af68ed846498
	at com.CiviCrm.Practice.NewMailling.login(NewMailling.java:28)
</failure>
    <system-out><![CDATA[Test Case failed: login
]]></system-out>
    <system-err><![CDATA[StartingStarting ChromeDriver 2.40.565386 (45a059dc425e08165f9a10324bd1380cc13ca363) on port 10012
Only local connections are allowed.
 ChromeDriver 2.40.565386 (45a059dc425e08165f9a10324bd1380cc13ca363) on port 13210
Only local connections are allowed.
Jun 29, 2018 9:27:23 PM org.openqa.selenium.remote.ProtocolHandshake createSession
INFO: Detected dialect: OSS
Jun 29, 2018 9:27:23 PM org.openqa.selenium.remote.ProtocolHandshake createSession
INFO: Detected dialect: OSS
]]></system-err>
  </testcase>
  <testcase name="createMail" classname="com.CiviCrm.Practice.NewMailling" time="0">
    <skipped message="Method NewMailling.createMail()[pri:0, instance:com.CiviCrm.Practice.NewMailling@36902638] depends on not successfully finished methods"/>
  </testcase>
  <testcase name="loggingIn" classname="com.CiviCrm.Practice.Login" time="2.314">
    <failure message="no such element: Unable to locate element: {&quot;method&quot;:&quot;xpath&quot;,&quot;selector&quot;:&quot;.//*[@id=&apos;crm-notification-container&apos;]//a[contains(text(),&apos;x&apos;)]&quot;}&#10;  (Session info: chrome=67.0.3396.99)&#10;  (Driver info: chromedriver=2.40.565386 (45a059dc425e08165f9a10324bd1380cc13ca363),platform=Mac OS X 10.13.5 x86_64) (WARNING: The server did not provide any stacktrace information)&#10;Command duration or timeout: 0 milliseconds&#10;For documentation on this error, please visit: http://seleniumhq.org/exceptions/no_such_element.html&#10;Build info: version: &apos;3.12.0&apos;, revision: &apos;7c6e0b3&apos;, time: &apos;2018-05-08T14:04:26.12Z&apos;&#10;System info: host: &apos;amiteshs-Air&apos;, ip: &apos;2405:204:5217:f47f:84c9:8204:430b:f1c5%en0&apos;, os.name: &apos;Mac OS X&apos;, os.arch: &apos;x86_64&apos;, os.version: &apos;10.13.5&apos;, java.version: &apos;1.8.0_172&apos;&#10;Driver info: org.openqa.selenium.chrome.ChromeDriver&#10;Capabilities {acceptInsecureCerts: false, acceptSslCerts: false, applicationCacheEnabled: false, browserConnectionEnabled: false, browserName: chrome, chrome: {chromedriverVersion: 2.40.565386 (45a059dc425e08..., userDataDir: /var/folders/h1/yz362gp97dv...}, cssSelectorsEnabled: true, databaseEnabled: false, handlesAlerts: true, hasTouchScreen: false, javascriptEnabled: true, locationContextEnabled: true, mobileEmulationEnabled: false, nativeEvents: true, networkConnectionEnabled: false, pageLoadStrategy: normal, platform: MAC, platformName: MAC, rotatable: false, setWindowRect: true, takesHeapSnapshot: true, takesScreenshot: true, unexpectedAlertBehaviour: , unhandledPromptBehavior: , version: 67.0.3396.99, webStorageEnabled: true}&#10;Session ID: b26c5f7c2fa3f1719b07af68ed846498&#10;*** Element info: {Using=xpath, value=.//*[@id=&apos;crm-notification-container&apos;]//a[contains(text(),&apos;x&apos;)]}" type="org.openqa.selenium.NoSuchElementException">org.openqa.selenium.NoSuchElementException: 
no such element: Unable to locate element: {"method":"xpath","selector":".//*[@id='crm-notification-container']//a[contains(text(),'x')]"}
  (Session info: chrome=67.0.3396.99)
  (Driver info: chromedriver=2.40.565386 (45a059dc425e08165f9a10324bd1380cc13ca363),platform=Mac OS X 10.13.5 x86_64) (WARNING: The server did not provide any stacktrace information)
Command duration or timeout: 0 milliseconds
For documentation on this error, please visit: http://seleniumhq.org/exceptions/no_such_element.html
Build info: version: '3.12.0', revision: '7c6e0b3', time: '2018-05-08T14:04:26.12Z'
System info: host: 'amiteshs-Air', ip: '2405:204:5217:f47f:84c9:8204:430b:f1c5%en0', os.name: 'Mac OS X', os.arch: 'x86_64', os.version: '10.13.5', java.version: '1.8.0_172'
Driver info: org.openqa.selenium.chrome.ChromeDriver
Capabilities {acceptInsecureCerts: false, acceptSslCerts: false, applicationCacheEnabled: false, browserConnectionEnabled: false, browserName: chrome, chrome: {chromedriverVersion: 2.40.565386 (45a059dc425e08..., userDataDir: /var/folders/h1/yz362gp97dv...}, cssSelectorsEnabled: true, databaseEnabled: false, handlesAlerts: true, hasTouchScreen: false, javascriptEnabled: true, locationContextEnabled: true, mobileEmulationEnabled: false, nativeEvents: true, networkConnectionEnabled: false, pageLoadStrategy: normal, platform: MAC, platformName: MAC, rotatable: false, setWindowRect: true, takesHeapSnapshot: true, takesScreenshot: true, unexpectedAlertBehaviour: , unhandledPromptBehavior: , version: 67.0.3396.99, webStorageEnabled: true}
Session ID: b26c5f7c2fa3f1719b07af68ed846498
*** Element info: {Using=xpath, value=.//*[@id='crm-notification-container']//a[contains(text(),'x')]}
	at com.CiviCrm.Practice.Login.loggingIn(Login.java:28)
</failure>
    <system-out><![CDATA[Test Case failed: loggingIn
]]></system-out>
  </testcase>
  <testcase name="loginInSite" classname="com.CiviCrm.Practice.NewStudentContact" time="11.411"/>
  <testcase name="createNewStudent" classname="com.CiviCrm.Practice.NewStudentContact" time="17.985"/>
</testsuite>