<?xml version="1.0" encoding="UTF-8"?>
<!-- Generated by org.testng.reporters.JUnitReportReporter -->
<testsuite skipped="0" hostname="amiteshs-MacBook-Air.local" name="com.selenium.maven.GetRequest" tests="1" failures="0" timestamp="18 Jun 2018 15:34:20 GMT" time="4.586" errors="0">
  <testcase name="example" time="4.586" classname="com.selenium.maven.GetRequest"/>
</testsuite> <!-- com.selenium.maven.GetRequest -->
