<?xml version="1.0" encoding="UTF-8"?>
<!-- Generated by org.testng.reporters.JUnitReportReporter -->
<testsuite skipped="0" hostname="amiteshs-MacBook-Air.local" name="com.selenium.maven.TestLog" tests="1" failures="0" timestamp="23 Jun 2018 10:57:38 GMT" time="0.023" errors="0">
  <testcase name="logger" time="0.023" classname="com.selenium.maven.TestLog"/>
</testsuite> <!-- com.selenium.maven.TestLog -->
