<?xml version="1.0" encoding="UTF-8"?>
<!-- Generated by org.testng.reporters.JUnitReportReporter -->
<testsuite skipped="0" hostname="amiteshs-Air.Dlink" name="com.CiviCrm.Practice.NewStudentContact" tests="2" failures="0" timestamp="02 Aug 2018 06:55:21 GMT" time="22.752" errors="0">
  <testcase name="loginInSite" time="8.627" classname="com.CiviCrm.Practice.NewStudentContact"/>
  <testcase name="createNewStudent" time="14.125" classname="com.CiviCrm.Practice.NewStudentContact"/>
</testsuite> <!-- com.CiviCrm.Practice.NewStudentContact -->
