<?xml version="1.0" encoding="UTF-8"?>
<!-- Generated by org.testng.reporters.JUnitReportReporter -->
<testsuite skipped="0" hostname="amiteshs-Air" name="com.selenium.maven.PostRequest" tests="1" failures="0" timestamp="19 Jun 2018 06:53:00 GMT" time="3.627" errors="0">
  <testcase name="example" time="3.627" classname="com.selenium.maven.PostRequest"/>
</testsuite> <!-- com.selenium.maven.PostRequest -->
