<?xml version="1.0" encoding="UTF-8"?>
<!-- Generated by org.testng.reporters.JUnitReportReporter -->
<testsuite skipped="0" hostname="amiteshs-Air.Dlink" name="com.CiviCrm.Practice.Login" tests="1" failures="0" timestamp="02 Aug 2018 06:55:21 GMT" time="8.064" errors="0">
  <testcase name="loggingIn" time="8.064" classname="com.CiviCrm.Practice.Login"/>
</testsuite> <!-- com.CiviCrm.Practice.Login -->
