<?xml version="1.0" encoding="UTF-8"?>
<!-- Generated by org.testng.reporters.JUnitReportReporter -->
<testsuite skipped="0" hostname="amiteshs-Air.Dlink" name="com.CiviCrm.Practice.NewMailling" tests="2" failures="0" timestamp="02 Aug 2018 06:55:21 GMT" time="29.482" errors="0">
  <testcase name="createMail" time="24.228" classname="com.CiviCrm.Practice.NewMailling"/>
  <testcase name="login" time="5.254" classname="com.CiviCrm.Practice.NewMailling"/>
</testsuite> <!-- com.CiviCrm.Practice.NewMailling -->
