<?xml version="1.0" encoding="UTF-8"?>
<!-- Generated by org.testng.reporters.JUnitReportReporter -->
<testsuite skipped="0" hostname="amiteshs-Air" name="com.CiviCrm.Practice.NewStudentContact" tests="2" failures="0" timestamp="29 Jun 2018 15:58:05 GMT" time="29.395" errors="0">
  <testcase name="createNewStudent" time="17.984" classname="com.CiviCrm.Practice.NewStudentContact"/>
  <testcase name="loginInSite" time="11.411" classname="com.CiviCrm.Practice.NewStudentContact"/>
</testsuite> <!-- com.CiviCrm.Practice.NewStudentContact -->
